<?xml version="1.0" encoding="UTF-8"?>
<!-- Generated by org.testng.reporters.JUnitReportReporter -->
<testsuite hostname="DESKTOP-8ON5VQG" failures="0" tests="2" name="TestClasses.ToVerifyfb" time="0.021" errors="0" timestamp="2022-07-24T09:26:15 IST" skipped="0">
  <testcase classname="TestClasses.ToVerifyfb" name="testB" time="0.008"/>
  <system-out/>
  <testcase classname="TestClasses.ToVerifyfb" name="testA" time="0.013"/>
  <system-out/>
</testsuite> <!-- TestClasses.ToVerifyfb -->
