<?xml version="1.0" encoding="UTF-8"?>
<!-- Generated by org.testng.reporters.JUnitReportReporter -->
<testsuite hostname="DESKTOP-8ON5VQG" failures="0" tests="2" name="TestClasses.DuplicateClass" time="0.008" errors="0" timestamp="2022-07-24T09:26:15 IST" skipped="0">
  <testcase classname="TestClasses.DuplicateClass" name="testB" time="0.006"/>
  <system-out/>
  <testcase classname="TestClasses.DuplicateClass" name="testA" time="0.002"/>
  <system-out/>
</testsuite> <!-- TestClasses.DuplicateClass -->
